#
# There is insufficient memory for the Java Runtime Environment to continue.
# Native memory allocation (malloc) failed to allocate 32744 bytes for ChunkPool::allocate
# Possible reasons:
#   The system is out of physical RAM or swap space
#   The process is running with CompressedOops enabled, and the Java Heap may be blocking the growth of the native heap
# Possible solutions:
#   Reduce memory load on the system
#   Increase physical memory or swap space
#   Check if swap backing store is full
#   Decrease Java heap size (-Xmx/-Xms)
#   Decrease number of Java threads
#   Decrease Java thread stack sizes (-Xss)
#   Set larger code cache with -XX:ReservedCodeCacheSize=
#   JVM is running with Unscaled Compressed Oops mode in which the Java heap is
#     placed in the first 4GB address space. The Java Heap base address is the
#     maximum limit for the native heap growth. Please use -XX:HeapBaseMinAddress
#     to set the Java Heap base and to place the Java Heap above 4GB virtual address.
# This output file may be truncated or incomplete.
#
#  Out of Memory Error (./src/hotspot/share/memory/arena.cpp:81), pid=2988, tid=9684
#
# JRE version: OpenJDK Runtime Environment (11.0.12+7) (build 11.0.12+7-b1504.28-7817840)
# Java VM: OpenJDK 64-Bit Server VM (11.0.12+7-b1504.28-7817840, mixed mode, tiered, compressed oops, g1 gc, windows-amd64)
# No core dump will be written. Minidumps are not enabled by default on client versions of Windows
#

---------------  S U M M A R Y ------------

Command Line: --add-opens=java.base/java.util=ALL-UNNAMED --add-opens=java.base/java.lang=ALL-UNNAMED --add-opens=java.base/java.lang.invoke=ALL-UNNAMED --add-opens=java.base/java.util=ALL-UNNAMED --add-opens=java.prefs/java.util.prefs=ALL-UNNAMED --add-opens=java.prefs/java.util.prefs=ALL-UNNAMED --add-opens=java.base/java.nio.charset=ALL-UNNAMED --add-opens=java.base/java.net=ALL-UNNAMED --add-opens=java.base/java.util.concurrent.atomic=ALL-UNNAMED -Xmx2048m -Dfile.encoding=UTF-8 -Duser.country=RU -Duser.language=ru -Duser.variant org.gradle.launcher.daemon.bootstrap.GradleDaemon 7.3.3

Host: Intel(R) Core(TM) i3-7100U CPU @ 2.40GHz, 4 cores, 3G,  Windows 10 , 64 bit Build 19041 (10.0.19041.1889)
Time: Mon Oct 10 11:48:47 2022 RTZ 2 (зима) elapsed time: 162.812425 seconds (0d 0h 2m 42s)

---------------  T H R E A D  ---------------

Current thread (0x00000257ff1a7800):  JavaThread "C2 CompilerThread0" daemon [_thread_in_native, id=9684, stack(0x000000bbf9800000,0x000000bbf9900000)]


Current CompileTask:
C2: 162814 2261       4       javax.management.ObjectName::construct (1135 bytes)

Stack: [0x000000bbf9800000,0x000000bbf9900000]
Native frames: (J=compiled Java code, j=interpreted, Vv=VM code, C=native code)
V  [jvm.dll+0x5fbcea]
V  [jvm.dll+0x731905]
V  [jvm.dll+0x732f1d]
V  [jvm.dll+0x7335d3]
V  [jvm.dll+0x247bf8]
V  [jvm.dll+0xc041b]
V  [jvm.dll+0xc06cc]
V  [jvm.dll+0x5a1523]
V  [jvm.dll+0x357d7c]
V  [jvm.dll+0x3587eb]
V  [jvm.dll+0x2d6b77]
V  [jvm.dll+0x5c32d1]
V  [jvm.dll+0x109ebc]
V  [jvm.dll+0x339409]
V  [jvm.dll+0x61d14c]
V  [jvm.dll+0x61c337]
V  [jvm.dll+0x61730c]
V  [jvm.dll+0x610dea]
V  [jvm.dll+0x610453]
V  [jvm.dll+0x60e4a2]
V  [jvm.dll+0x18addc]
V  [jvm.dll+0x2bbcef]
V  [jvm.dll+0x619065]
V  [jvm.dll+0x610dea]
V  [jvm.dll+0x610453]
V  [jvm.dll+0x60e4a2]
V  [jvm.dll+0x18addc]
V  [jvm.dll+0x1ff4b5]
V  [jvm.dll+0x18868c]
V  [jvm.dll+0x20e0d7]
V  [jvm.dll+0x20c901]
V  [jvm.dll+0x6f9b7f]
V  [jvm.dll+0x6f26a5]
V  [jvm.dll+0x5fabf6]
C  [ucrtbase.dll+0x21bb2]
C  [KERNEL32.DLL+0x17034]
C  [ntdll.dll+0x526a1]


---------------  P R O C E S S  ---------------

Threads class SMR info:
_java_thread_list=0x000002579a61f670, length=22, elements={
0x00000257fd81c000, 0x00000257ff13c800, 0x00000257ff140000, 0x00000257ff15f000,
0x00000257ff160000, 0x00000257ff161000, 0x00000257ff1a7800, 0x00000257ff1a8000,
0x00000257ff1b8000, 0x00000257ffc2f000, 0x00000257ffe18800, 0x0000025799542800,
0x00000257993b7800, 0x00000257994f1000, 0x0000025799359000, 0x000002579935d000,
0x0000025799228000, 0x0000025799591000, 0x0000025799c54000, 0x0000025799c55000,
0x0000025799c52000, 0x0000025799c53800
}

Java Threads: ( => current thread )
  0x00000257fd81c000 JavaThread "main" [_thread_blocked, id=5140, stack(0x000000bbf8c00000,0x000000bbf8d00000)]
  0x00000257ff13c800 JavaThread "Reference Handler" daemon [_thread_blocked, id=16060, stack(0x000000bbf9300000,0x000000bbf9400000)]
  0x00000257ff140000 JavaThread "Finalizer" daemon [_thread_blocked, id=3164, stack(0x000000bbf9400000,0x000000bbf9500000)]
  0x00000257ff15f000 JavaThread "Signal Dispatcher" daemon [_thread_blocked, id=2000, stack(0x000000bbf9500000,0x000000bbf9600000)]
  0x00000257ff160000 JavaThread "Attach Listener" daemon [_thread_blocked, id=6280, stack(0x000000bbf9600000,0x000000bbf9700000)]
  0x00000257ff161000 JavaThread "Service Thread" daemon [_thread_blocked, id=14092, stack(0x000000bbf9700000,0x000000bbf9800000)]
=>0x00000257ff1a7800 JavaThread "C2 CompilerThread0" daemon [_thread_in_native, id=9684, stack(0x000000bbf9800000,0x000000bbf9900000)]
  0x00000257ff1a8000 JavaThread "C1 CompilerThread0" daemon [_thread_blocked, id=1612, stack(0x000000bbf9900000,0x000000bbf9a00000)]
  0x00000257ff1b8000 JavaThread "Sweeper thread" daemon [_thread_blocked, id=15556, stack(0x000000bbf9a00000,0x000000bbf9b00000)]
  0x00000257ffc2f000 JavaThread "Common-Cleaner" daemon [_thread_blocked, id=10444, stack(0x000000bbf9b00000,0x000000bbf9c00000)]
  0x00000257ffe18800 JavaThread "Daemon health stats" [_thread_blocked, id=7000, stack(0x000000bbf8900000,0x000000bbf8a00000)]
  0x0000025799542800 JavaThread "Incoming local TCP Connector on port 59653" [_thread_in_native, id=7976, stack(0x000000bbf9f00000,0x000000bbfa000000)]
  0x00000257993b7800 JavaThread "Daemon periodic checks" [_thread_blocked, id=11064, stack(0x000000bbfa000000,0x000000bbfa100000)]
  0x00000257994f1000 JavaThread "Daemon" [_thread_blocked, id=9444, stack(0x000000bbfa100000,0x000000bbfa200000)]
  0x0000025799359000 JavaThread "Handler for socket connection from /127.0.0.1:59653 to /127.0.0.1:59655" [_thread_in_native, id=10620, stack(0x000000bbfa200000,0x000000bbfa300000)]
  0x000002579935d000 JavaThread "Cancel handler" [_thread_blocked, id=9016, stack(0x000000bbfa300000,0x000000bbfa400000)]
  0x0000025799228000 JavaThread "Daemon worker" [_thread_in_Java, id=4752, stack(0x000000bbfa400000,0x000000bbfa500000)]
  0x0000025799591000 JavaThread "Asynchronous log dispatcher for DefaultDaemonConnection: socket connection from /127.0.0.1:59653 to /127.0.0.1:59655" [_thread_blocked, id=10660, stack(0x000000bbfa500000,0x000000bbfa600000)]
  0x0000025799c54000 JavaThread "Daemon client event forwarder" [_thread_blocked, id=8476, stack(0x000000bbfa700000,0x000000bbfa800000)]
  0x0000025799c55000 JavaThread "Cache worker for journal cache (C:\Users\Onsovich_Y_V\.gradle\caches\journal-1)" [_thread_blocked, id=16220, stack(0x000000bbf8a00000,0x000000bbf8b00000)]
  0x0000025799c52000 JavaThread "File lock request listener" [_thread_in_native, id=15636, stack(0x000000bbfaa00000,0x000000bbfab00000)]
  0x0000025799c53800 JavaThread "Cache worker for file hash cache (C:\Users\Onsovich_Y_V\.gradle\caches\7.3.3\fileHashes)" [_thread_blocked, id=9720, stack(0x000000bbfab00000,0x000000bbfac00000)]

Other Threads:
  0x00000257ff137800 VMThread "VM Thread" [stack: 0x000000bbf9200000,0x000000bbf9300000] [id=11912]
  0x00000257ffc9e000 WatcherThread [stack: 0x000000bbf9c00000,0x000000bbf9d00000] [id=1124]
  0x00000257fd835000 GCTaskThread "GC Thread#0" [stack: 0x000000bbf8d00000,0x000000bbf8e00000] [id=13932]
  0x0000025798f90800 GCTaskThread "GC Thread#1" [stack: 0x000000bbf9d00000,0x000000bbf9e00000] [id=5060]
  0x0000025798bda000 GCTaskThread "GC Thread#2" [stack: 0x000000bbf8b00000,0x000000bbf8c00000] [id=12776]
  0x0000025798fe9800 GCTaskThread "GC Thread#3" [stack: 0x000000bbf9e00000,0x000000bbf9f00000] [id=12212]
  0x00000257fd866800 ConcurrentGCThread "G1 Main Marker" [stack: 0x000000bbf8e00000,0x000000bbf8f00000] [id=7644]
  0x00000257fd868800 ConcurrentGCThread "G1 Conc#0" [stack: 0x000000bbf8f00000,0x000000bbf9000000] [id=1508]
  0x00000257fd8be800 ConcurrentGCThread "G1 Refine#0" [stack: 0x000000bbf9000000,0x000000bbf9100000] [id=2028]
  0x00000257fd8bf800 ConcurrentGCThread "G1 Young RemSet Sampling" [stack: 0x000000bbf9100000,0x000000bbf9200000] [id=15552]

Threads with active compile tasks:
C2 CompilerThread0 163110 2261       4       javax.management.ObjectName::construct (1135 bytes)

VM state:not at safepoint (normal execution)

VM Mutex/Monitor currently owned by a thread: None

Heap address: 0x0000000080000000, size: 2048 MB, Compressed Oops mode: 32-bit
Narrow klass base: 0x0000000000000000, Narrow klass shift: 3
Compressed class space size: 1073741824 Address: 0x0000000100000000

Heap:
 garbage-first heap   total 78848K, used 29716K [0x0000000080000000, 0x0000000100000000)
  region size 1024K, 16 young (16384K), 2 survivors (2048K)
 Metaspace       used 22544K, capacity 23058K, committed 23164K, reserved 1069056K
  class space    used 2801K, capacity 2967K, committed 3020K, reserved 1048576K
Heap Regions: E=young(eden), S=young(survivor), O=old, HS=humongous(starts), HC=humongous(continues), CS=collection set, F=free, A=archive, TAMS=top-at-mark-start (previous, next)
|   0|0x0000000080000000, 0x0000000080100000, 0x0000000080100000|100%|HS|  |TAMS 0x0000000080100000, 0x0000000080000000| Complete 
|   1|0x0000000080100000, 0x0000000080200000, 0x0000000080200000|100%|HC|  |TAMS 0x0000000080200000, 0x0000000080100000| Complete 
|   2|0x0000000080200000, 0x0000000080300000, 0x0000000080300000|100%|HC|  |TAMS 0x0000000080300000, 0x0000000080200000| Complete 
|   3|0x0000000080300000, 0x0000000080400000, 0x0000000080400000|100%| O|  |TAMS 0x0000000080400000, 0x0000000080300000| Untracked 
|   4|0x0000000080400000, 0x0000000080500000, 0x0000000080500000|100%| O|  |TAMS 0x0000000080500000, 0x0000000080400000| Untracked 
|   5|0x0000000080500000, 0x0000000080600000, 0x0000000080600000|100%| O|  |TAMS 0x0000000080600000, 0x0000000080500000| Untracked 
|   6|0x0000000080600000, 0x0000000080700000, 0x0000000080700000|100%| O|  |TAMS 0x0000000080700000, 0x0000000080600000| Untracked 
|   7|0x0000000080700000, 0x0000000080800000, 0x0000000080800000|100%| O|  |TAMS 0x0000000080800000, 0x0000000080700000| Untracked 
|   8|0x0000000080800000, 0x0000000080900000, 0x0000000080900000|100%| O|  |TAMS 0x0000000080900000, 0x0000000080800000| Untracked 
|   9|0x0000000080900000, 0x0000000080a00000, 0x0000000080a00000|100%| O|  |TAMS 0x0000000080a00000, 0x0000000080900000| Untracked 
|  10|0x0000000080a00000, 0x0000000080b00000, 0x0000000080b00000|100%| O|  |TAMS 0x0000000080b00000, 0x0000000080a00000| Untracked 
|  11|0x0000000080b00000, 0x0000000080c00000, 0x0000000080c00000|100%| O|  |TAMS 0x0000000080c00000, 0x0000000080b00000| Untracked 
|  12|0x0000000080c00000, 0x0000000080d00000, 0x0000000080d00000|100%| O|  |TAMS 0x0000000080d00000, 0x0000000080c00000| Untracked 
|  13|0x0000000080d00000, 0x0000000080e00000, 0x0000000080e00000|100%| O|  |TAMS 0x0000000080e00000, 0x0000000080d00000| Untracked 
|  14|0x0000000080e00000, 0x0000000080f00000, 0x0000000080f00000|100%| O|  |TAMS 0x0000000080f00000, 0x0000000080e00000| Untracked 
|  15|0x0000000080f00000, 0x0000000080f34000, 0x0000000081000000| 20%| O|  |TAMS 0x0000000080f34000, 0x0000000080f00000| Untracked 
|  16|0x0000000081000000, 0x0000000081000000, 0x0000000081100000|  0%| F|  |TAMS 0x0000000081000000, 0x0000000081000000| Untracked 
|  17|0x0000000081100000, 0x0000000081100000, 0x0000000081200000|  0%| F|  |TAMS 0x0000000081100000, 0x0000000081100000| Untracked 
|  18|0x0000000081200000, 0x0000000081200000, 0x0000000081300000|  0%| F|  |TAMS 0x0000000081200000, 0x0000000081200000| Untracked 
|  19|0x0000000081300000, 0x0000000081300000, 0x0000000081400000|  0%| F|  |TAMS 0x0000000081300000, 0x0000000081300000| Untracked 
|  20|0x0000000081400000, 0x0000000081400000, 0x0000000081500000|  0%| F|  |TAMS 0x0000000081400000, 0x0000000081400000| Untracked 
|  21|0x0000000081500000, 0x0000000081500000, 0x0000000081600000|  0%| F|  |TAMS 0x0000000081500000, 0x0000000081500000| Untracked 
|  22|0x0000000081600000, 0x0000000081600000, 0x0000000081700000|  0%| F|  |TAMS 0x0000000081600000, 0x0000000081600000| Untracked 
|  23|0x0000000081700000, 0x0000000081700000, 0x0000000081800000|  0%| F|  |TAMS 0x0000000081700000, 0x0000000081700000| Untracked 
|  24|0x0000000081800000, 0x0000000081800000, 0x0000000081900000|  0%| F|  |TAMS 0x0000000081800000, 0x0000000081800000| Untracked 
|  25|0x0000000081900000, 0x0000000081900000, 0x0000000081a00000|  0%| F|  |TAMS 0x0000000081900000, 0x0000000081900000| Untracked 
|  26|0x0000000081a00000, 0x0000000081a00000, 0x0000000081b00000|  0%| F|  |TAMS 0x0000000081a00000, 0x0000000081a00000| Untracked 
|  27|0x0000000081b00000, 0x0000000081b00000, 0x0000000081c00000|  0%| F|  |TAMS 0x0000000081b00000, 0x0000000081b00000| Untracked 
|  28|0x0000000081c00000, 0x0000000081c00000, 0x0000000081d00000|  0%| F|  |TAMS 0x0000000081c00000, 0x0000000081c00000| Untracked 
|  29|0x0000000081d00000, 0x0000000081d00000, 0x0000000081e00000|  0%| F|  |TAMS 0x0000000081d00000, 0x0000000081d00000| Untracked 
|  30|0x0000000081e00000, 0x0000000081e00000, 0x0000000081f00000|  0%| F|  |TAMS 0x0000000081e00000, 0x0000000081e00000| Untracked 
|  31|0x0000000081f00000, 0x0000000081f00000, 0x0000000082000000|  0%| F|  |TAMS 0x0000000081f00000, 0x0000000081f00000| Untracked 
|  32|0x0000000082000000, 0x0000000082000000, 0x0000000082100000|  0%| F|  |TAMS 0x0000000082000000, 0x0000000082000000| Untracked 
|  33|0x0000000082100000, 0x0000000082100000, 0x0000000082200000|  0%| F|  |TAMS 0x0000000082100000, 0x0000000082100000| Untracked 
|  34|0x0000000082200000, 0x0000000082200000, 0x0000000082300000|  0%| F|  |TAMS 0x0000000082200000, 0x0000000082200000| Untracked 
|  35|0x0000000082300000, 0x0000000082300000, 0x0000000082400000|  0%| F|  |TAMS 0x0000000082300000, 0x0000000082300000| Untracked 
|  36|0x0000000082400000, 0x0000000082400000, 0x0000000082500000|  0%| F|  |TAMS 0x0000000082400000, 0x0000000082400000| Untracked 
|  37|0x0000000082500000, 0x0000000082500000, 0x0000000082600000|  0%| F|  |TAMS 0x0000000082500000, 0x0000000082500000| Untracked 
|  38|0x0000000082600000, 0x0000000082600000, 0x0000000082700000|  0%| F|  |TAMS 0x0000000082600000, 0x0000000082600000| Untracked 
|  39|0x0000000082700000, 0x0000000082700000, 0x0000000082800000|  0%| F|  |TAMS 0x0000000082700000, 0x0000000082700000| Untracked 
|  40|0x0000000082800000, 0x0000000082800000, 0x0000000082900000|  0%| F|  |TAMS 0x0000000082800000, 0x0000000082800000| Untracked 
|  41|0x0000000082900000, 0x0000000082900000, 0x0000000082a00000|  0%| F|  |TAMS 0x0000000082900000, 0x0000000082900000| Untracked 
|  42|0x0000000082a00000, 0x0000000082a00000, 0x0000000082b00000|  0%| F|  |TAMS 0x0000000082a00000, 0x0000000082a00000| Untracked 
|  43|0x0000000082b00000, 0x0000000082b00000, 0x0000000082c00000|  0%| F|  |TAMS 0x0000000082b00000, 0x0000000082b00000| Untracked 
|  44|0x0000000082c00000, 0x0000000082c00000, 0x0000000082d00000|  0%| F|  |TAMS 0x0000000082c00000, 0x0000000082c00000| Untracked 
|  45|0x0000000082d00000, 0x0000000082d00000, 0x0000000082e00000|  0%| F|  |TAMS 0x0000000082d00000, 0x0000000082d00000| Untracked 
|  46|0x0000000082e00000, 0x0000000082e00000, 0x0000000082f00000|  0%| F|  |TAMS 0x0000000082e00000, 0x0000000082e00000| Untracked 
|  47|0x0000000082f00000, 0x0000000082f00000, 0x0000000083000000|  0%| F|  |TAMS 0x0000000082f00000, 0x0000000082f00000| Untracked 
|  48|0x0000000083000000, 0x0000000083000000, 0x0000000083100000|  0%| F|  |TAMS 0x0000000083000000, 0x0000000083000000| Untracked 
|  49|0x0000000083100000, 0x0000000083100000, 0x0000000083200000|  0%| F|  |TAMS 0x0000000083100000, 0x0000000083100000| Untracked 
|  50|0x0000000083200000, 0x0000000083200000, 0x0000000083300000|  0%| F|  |TAMS 0x0000000083200000, 0x0000000083200000| Untracked 
|  51|0x0000000083300000, 0x0000000083300000, 0x0000000083400000|  0%| F|  |TAMS 0x0000000083300000, 0x0000000083300000| Untracked 
|  52|0x0000000083400000, 0x0000000083400000, 0x0000000083500000|  0%| F|  |TAMS 0x0000000083400000, 0x0000000083400000| Untracked 
|  53|0x0000000083500000, 0x0000000083500000, 0x0000000083600000|  0%| F|  |TAMS 0x0000000083500000, 0x0000000083500000| Untracked 
|  54|0x0000000083600000, 0x0000000083600000, 0x0000000083700000|  0%| F|  |TAMS 0x0000000083600000, 0x0000000083600000| Untracked 
|  55|0x0000000083700000, 0x0000000083700000, 0x0000000083800000|  0%| F|  |TAMS 0x0000000083700000, 0x0000000083700000| Untracked 
|  56|0x0000000083800000, 0x0000000083800000, 0x0000000083900000|  0%| F|  |TAMS 0x0000000083800000, 0x0000000083800000| Untracked 
|  57|0x0000000083900000, 0x0000000083900000, 0x0000000083a00000|  0%| F|  |TAMS 0x0000000083900000, 0x0000000083900000| Untracked 
|  58|0x0000000083a00000, 0x0000000083a00000, 0x0000000083b00000|  0%| F|  |TAMS 0x0000000083a00000, 0x0000000083a00000| Untracked 
|  59|0x0000000083b00000, 0x0000000083b00000, 0x0000000083c00000|  0%| F|  |TAMS 0x0000000083b00000, 0x0000000083b00000| Untracked 
|  60|0x0000000083c00000, 0x0000000083c00000, 0x0000000083d00000|  0%| F|  |TAMS 0x0000000083c00000, 0x0000000083c00000| Untracked 
|  61|0x0000000083d00000, 0x0000000083dbfbb0, 0x0000000083e00000| 74%| E|  |TAMS 0x0000000083d00000, 0x0000000083d00000| Complete 
|  62|0x0000000083e00000, 0x0000000083f00000, 0x0000000083f00000|100%| E|CS|TAMS 0x0000000083e00000, 0x0000000083e00000| Complete 
|  63|0x0000000083f00000, 0x0000000084000000, 0x0000000084000000|100%| E|CS|TAMS 0x0000000083f00000, 0x0000000083f00000| Complete 
|  64|0x0000000084000000, 0x0000000084100000, 0x0000000084100000|100%| E|  |TAMS 0x0000000084000000, 0x0000000084000000| Complete 
|  65|0x0000000084100000, 0x0000000084200000, 0x0000000084200000|100%| E|CS|TAMS 0x0000000084100000, 0x0000000084100000| Complete 
|  66|0x0000000084200000, 0x0000000084300000, 0x0000000084300000|100%| E|CS|TAMS 0x0000000084200000, 0x0000000084200000| Complete 
|  67|0x0000000084300000, 0x00000000843d1058, 0x0000000084400000| 81%| S|CS|TAMS 0x0000000084300000, 0x0000000084300000| Complete 
|  68|0x0000000084400000, 0x0000000084500000, 0x0000000084500000|100%| S|CS|TAMS 0x0000000084400000, 0x0000000084400000| Complete 
|  69|0x0000000084500000, 0x0000000084600000, 0x0000000084600000|100%| E|CS|TAMS 0x0000000084500000, 0x0000000084500000| Complete 
|  70|0x0000000084600000, 0x0000000084700000, 0x0000000084700000|100%| E|CS|TAMS 0x0000000084600000, 0x0000000084600000| Complete 
|  71|0x0000000084700000, 0x0000000084800000, 0x0000000084800000|100%| E|CS|TAMS 0x0000000084700000, 0x0000000084700000| Complete 
|  72|0x0000000084800000, 0x0000000084900000, 0x0000000084900000|100%| E|CS|TAMS 0x0000000084800000, 0x0000000084800000| Complete 
|  73|0x0000000084900000, 0x0000000084a00000, 0x0000000084a00000|100%| E|CS|TAMS 0x0000000084900000, 0x0000000084900000| Complete 
|  74|0x0000000084a00000, 0x0000000084b00000, 0x0000000084b00000|100%| E|CS|TAMS 0x0000000084a00000, 0x0000000084a00000| Complete 
|  75|0x0000000084b00000, 0x0000000084c00000, 0x0000000084c00000|100%| E|CS|TAMS 0x0000000084b00000, 0x0000000084b00000| Complete 
|  76|0x0000000084c00000, 0x0000000084d00000, 0x0000000084d00000|100%| E|CS|TAMS 0x0000000084c00000, 0x0000000084c00000| Complete 

Card table byte_map: [0x00000257fe330000,0x00000257fe730000] _byte_map_base: 0x00000257fdf30000

Marking Bits (Prev, Next): (CMBitMap*) 0x00000257fd85ddc0, (CMBitMap*) 0x00000257fd85dd88
 Prev Bits: [0x0000025794a30000, 0x0000025796a30000)
 Next Bits: [0x0000025792a30000, 0x0000025794a30000)

Polling page: 0x00000257fc1c0000

Metaspace:

Usage:
  Non-class:     19.62 MB capacity,    19.28 MB ( 98%) used,   309.77 KB (  2%) free+waste,    38.63 KB ( <1%) overhead. 
      Class:      2.90 MB capacity,     2.74 MB ( 94%) used,   146.38 KB (  5%) free+waste,    18.69 KB ( <1%) overhead. 
       Both:     22.52 MB capacity,    22.02 MB ( 98%) used,   456.16 KB (  2%) free+waste,    57.31 KB ( <1%) overhead. 

Virtual space:
  Non-class space:       20.00 MB reserved,      19.67 MB ( 98%) committed 
      Class space:        1.00 GB reserved,       2.95 MB ( <1%) committed 
             Both:        1.02 GB reserved,      22.62 MB (  2%) committed 

Chunk freelists:
   Non-Class:  5.00 KB
       Class:  9.00 KB
        Both:  14.00 KB

MaxMetaspaceSize: 17179869184.00 GB
CompressedClassSpaceSize: 1.00 GB
Initial GC threshold: 20.80 MB
Current GC threshold: 35.20 MB
CDS: off

CodeHeap 'non-profiled nmethods': size=120064Kb used=1055Kb max_used=1055Kb free=119008Kb
 bounds [0x000002578b4f0000, 0x000002578b760000, 0x0000025792a30000]
CodeHeap 'profiled nmethods': size=120000Kb used=4802Kb max_used=4802Kb free=115197Kb
 bounds [0x0000025783fc0000, 0x0000025784480000, 0x000002578b4f0000]
CodeHeap 'non-nmethods': size=5696Kb used=1216Kb max_used=1247Kb free=4479Kb
 bounds [0x0000025783a30000, 0x0000025783ca0000, 0x0000025783fc0000]
 total_blobs=2738 nmethods=2254 adapters=396
 compilation: enabled
              stopped_count=0, restarted_count=0
 full_count=0

Compilation events (20 events):
Event: 148.713 Thread 0x00000257ff1a8000 nmethod 2249 0x0000025784468c10 code [0x0000025784468ee0, 0x0000025784469b48]
Event: 148.713 Thread 0x00000257ff1a7800 2250       4       java.io.DataOutputStream::writeShort (35 bytes)
Event: 148.771 Thread 0x00000257ff1a7800 nmethod 2250 0x000002578b5f4590 code [0x000002578b5f47a0, 0x000002578b5f5d10]
Event: 149.220 Thread 0x00000257ff1a8000 2251   !   3       org.gradle.internal.classloader.TransformingClassLoader::findClass (203 bytes)
Event: 149.263 Thread 0x00000257ff1a8000 nmethod 2251 0x000002578446a090 code [0x000002578446a5e0, 0x000002578446cef8]
Event: 149.263 Thread 0x00000257ff1a8000 2252       3       org.gradle.initialization.MixInLegacyTypesClassLoader::shouldTransform (42 bytes)
Event: 149.266 Thread 0x00000257ff1a8000 nmethod 2252 0x000002578446df10 code [0x000002578446e100, 0x000002578446e4f8]
Event: 152.453 Thread 0x00000257ff1a8000 2253       3       java.util.stream.Sink$ChainedReference::<init> (16 bytes)
Event: 152.508 Thread 0x00000257ff1a8000 nmethod 2253 0x000002578446e690 code [0x000002578446e880, 0x000002578446ec88]
Event: 153.309 Thread 0x00000257ff1a7800 2256       4       jdk.internal.org.objectweb.asm.ClassWriter::newUTF8 (70 bytes)
Event: 153.664 Thread 0x00000257ff1a7800 nmethod 2256 0x000002578b5f6390 code [0x000002578b5f65a0, 0x000002578b5f74f0]
Event: 156.294 Thread 0x00000257ff1a8000 2257       3       java.io.DataInputStream::readInt (72 bytes)
Event: 156.332 Thread 0x00000257ff1a8000 nmethod 2257 0x000002578446ee10 code [0x000002578446f020, 0x000002578446f588]
Event: 156.334 Thread 0x00000257ff1a8000 2258       3       org.gradle.internal.serialize.InputStreamBackedDecoder::readInt (8 bytes)
Event: 156.342 Thread 0x00000257ff1a8000 nmethod 2258 0x000002578446f790 code [0x000002578446f940, 0x000002578446fa68]
Event: 157.149 Thread 0x00000257ff1a8000 2259       3       java.util.Collections$EmptyMap::entrySet (4 bytes)
Event: 157.151 Thread 0x00000257ff1a8000 nmethod 2259 0x000002578446fb10 code [0x000002578446fcc0, 0x000002578446fe18]
Event: 159.458 Thread 0x00000257ff1a7800 2260       4       java.util.stream.AbstractPipeline::sequential (10 bytes)
Event: 159.560 Thread 0x00000257ff1a7800 nmethod 2260 0x000002578b5f7c90 code [0x000002578b5f7e20, 0x000002578b5f7e98]
Event: 161.949 Thread 0x00000257ff1a7800 2261       4       javax.management.ObjectName::construct (1135 bytes)

GC Heap History (20 events):
Event: 15.846 GC heap before
{Heap before GC invocations=1 (full 0):
 garbage-first heap   total 65536K, used 9928K [0x0000000080000000, 0x0000000100000000)
  region size 1024K, 4 young (4096K), 2 survivors (2048K)
 Metaspace       used 7128K, capacity 7289K, committed 7424K, reserved 1056768K
  class space    used 635K, capacity 682K, committed 768K, reserved 1048576K
}
Event: 15.868 GC heap after
{Heap after GC invocations=2 (full 0):
 garbage-first heap   total 65536K, used 8727K [0x0000000080000000, 0x0000000100000000)
  region size 1024K, 1 young (1024K), 1 survivors (1024K)
 Metaspace       used 7128K, capacity 7289K, committed 7424K, reserved 1056768K
  class space    used 635K, capacity 682K, committed 768K, reserved 1048576K
}
Event: 27.721 GC heap before
{Heap before GC invocations=2 (full 0):
 garbage-first heap   total 65536K, used 17943K [0x0000000080000000, 0x0000000100000000)
  region size 1024K, 10 young (10240K), 1 survivors (1024K)
 Metaspace       used 10346K, capacity 10629K, committed 10880K, reserved 1058816K
  class space    used 1072K, capacity 1139K, committed 1152K, reserved 1048576K
}
Event: 27.919 GC heap after
{Heap after GC invocations=3 (full 0):
 garbage-first heap   total 65536K, used 9609K [0x0000000080000000, 0x0000000100000000)
  region size 1024K, 2 young (2048K), 2 survivors (2048K)
 Metaspace       used 10346K, capacity 10629K, committed 10880K, reserved 1058816K
  class space    used 1072K, capacity 1139K, committed 1152K, reserved 1048576K
}
Event: 40.415 GC heap before
{Heap before GC invocations=3 (full 0):
 garbage-first heap   total 65536K, used 15753K [0x0000000080000000, 0x0000000100000000)
  region size 1024K, 9 young (9216K), 2 survivors (2048K)
 Metaspace       used 11069K, capacity 11356K, committed 11520K, reserved 1058816K
  class space    used 1161K, capacity 1211K, committed 1280K, reserved 1048576K
}
Event: 40.470 GC heap after
{Heap after GC invocations=4 (full 0):
 garbage-first heap   total 65536K, used 10015K [0x0000000080000000, 0x0000000100000000)
  region size 1024K, 2 young (2048K), 2 survivors (2048K)
 Metaspace       used 11069K, capacity 11356K, committed 11520K, reserved 1058816K
  class space    used 1161K, capacity 1211K, committed 1280K, reserved 1048576K
}
Event: 45.529 GC heap before
{Heap before GC invocations=4 (full 0):
 garbage-first heap   total 65536K, used 21279K [0x0000000080000000, 0x0000000100000000)
  region size 1024K, 13 young (13312K), 2 survivors (2048K)
 Metaspace       used 11249K, capacity 11520K, committed 11776K, reserved 1060864K
  class space    used 1173K, capacity 1244K, committed 1280K, reserved 1048576K
}
Event: 45.648 GC heap after
{Heap after GC invocations=5 (full 0):
 garbage-first heap   total 65536K, used 10254K [0x0000000080000000, 0x0000000100000000)
  region size 1024K, 1 young (1024K), 1 survivors (1024K)
 Metaspace       used 11249K, capacity 11520K, committed 11776K, reserved 1060864K
  class space    used 1173K, capacity 1244K, committed 1280K, reserved 1048576K
}
Event: 47.098 GC heap before
{Heap before GC invocations=5 (full 0):
 garbage-first heap   total 65536K, used 21518K [0x0000000080000000, 0x0000000100000000)
  region size 1024K, 12 young (12288K), 1 survivors (1024K)
 Metaspace       used 11270K, capacity 11520K, committed 11776K, reserved 1060864K
  class space    used 1175K, capacity 1244K, committed 1280K, reserved 1048576K
}
Event: 47.112 GC heap after
{Heap after GC invocations=6 (full 0):
 garbage-first heap   total 65536K, used 12837K [0x0000000080000000, 0x0000000100000000)
  region size 1024K, 2 young (2048K), 2 survivors (2048K)
 Metaspace       used 11270K, capacity 11520K, committed 11776K, reserved 1060864K
  class space    used 1175K, capacity 1244K, committed 1280K, reserved 1048576K
}
Event: 50.700 GC heap before
{Heap before GC invocations=6 (full 0):
 garbage-first heap   total 65536K, used 26149K [0x0000000080000000, 0x0000000100000000)
  region size 1024K, 16 young (16384K), 2 survivors (2048K)
 Metaspace       used 11431K, capacity 11768K, committed 11904K, reserved 1060864K
  class space    used 1206K, capacity 1284K, committed 1408K, reserved 1048576K
}
Event: 50.782 GC heap after
{Heap after GC invocations=7 (full 0):
 garbage-first heap   total 65536K, used 14321K [0x0000000080000000, 0x0000000100000000)
  region size 1024K, 2 young (2048K), 2 survivors (2048K)
 Metaspace       used 11431K, capacity 11768K, committed 11904K, reserved 1060864K
  class space    used 1206K, capacity 1284K, committed 1408K, reserved 1048576K
}
Event: 81.063 GC heap before
{Heap before GC invocations=7 (full 0):
 garbage-first heap   total 65536K, used 30705K [0x0000000080000000, 0x0000000100000000)
  region size 1024K, 18 young (18432K), 2 survivors (2048K)
 Metaspace       used 15578K, capacity 16029K, committed 16256K, reserved 1062912K
  class space    used 1773K, capacity 1896K, committed 1920K, reserved 1048576K
}
Event: 81.446 GC heap after
{Heap after GC invocations=8 (full 0):
 garbage-first heap   total 78848K, used 15715K [0x0000000080000000, 0x0000000100000000)
  region size 1024K, 2 young (2048K), 2 survivors (2048K)
 Metaspace       used 15578K, capacity 16029K, committed 16256K, reserved 1062912K
  class space    used 1773K, capacity 1896K, committed 1920K, reserved 1048576K
}
Event: 97.669 GC heap before
{Heap before GC invocations=8 (full 0):
 garbage-first heap   total 78848K, used 30051K [0x0000000080000000, 0x0000000100000000)
  region size 1024K, 17 young (17408K), 2 survivors (2048K)
 Metaspace       used 18046K, capacity 18470K, committed 18688K, reserved 1064960K
  class space    used 2131K, capacity 2244K, committed 2304K, reserved 1048576K
}
Event: 97.747 GC heap after
{Heap after GC invocations=9 (full 0):
 garbage-first heap   total 78848K, used 16733K [0x0000000080000000, 0x0000000100000000)
  region size 1024K, 3 young (3072K), 3 survivors (3072K)
 Metaspace       used 18046K, capacity 18470K, committed 18688K, reserved 1064960K
  class space    used 2131K, capacity 2244K, committed 2304K, reserved 1048576K
}
Event: 118.847 GC heap before
{Heap before GC invocations=9 (full 0):
 garbage-first heap   total 78848K, used 33117K [0x0000000080000000, 0x0000000100000000)
  region size 1024K, 19 young (19456K), 3 survivors (3072K)
 Metaspace       used 19787K, capacity 20286K, committed 20608K, reserved 1067008K
  class space    used 2414K, capacity 2570K, committed 2688K, reserved 1048576K
}
Event: 119.022 GC heap after
{Heap after GC invocations=10 (full 0):
 garbage-first heap   total 78848K, used 17202K [0x0000000080000000, 0x0000000100000000)
  region size 1024K, 2 young (2048K), 2 survivors (2048K)
 Metaspace       used 19787K, capacity 20286K, committed 20608K, reserved 1067008K
  class space    used 2414K, capacity 2570K, committed 2688K, reserved 1048576K
}
Event: 138.890 GC heap before
{Heap before GC invocations=10 (full 0):
 garbage-first heap   total 78848K, used 24370K [0x0000000080000000, 0x0000000100000000)
  region size 1024K, 10 young (10240K), 2 survivors (2048K)
 Metaspace       used 20746K, capacity 21190K, committed 21296K, reserved 1069056K
  class space    used 2536K, capacity 2680K, committed 2688K, reserved 1048576K
}
Event: 139.043 GC heap after
{Heap after GC invocations=11 (full 0):
 garbage-first heap   total 78848K, used 17428K [0x0000000080000000, 0x0000000100000000)
  region size 1024K, 2 young (2048K), 2 survivors (2048K)
 Metaspace       used 20746K, capacity 21190K, committed 21296K, reserved 1069056K
  class space    used 2536K, capacity 2680K, committed 2688K, reserved 1048576K
}

Deoptimization events (20 events):
Event: 129.103 Thread 0x0000025799228000 Uncommon trap: trap_request=0xffffff4d fr.pc=0x000002578b55bdf8 relative=0x0000000000000218
Event: 129.103 Thread 0x0000025799228000 Uncommon trap: reason=unstable_if action=reinterpret pc=0x000002578b55bdf8 method=java.util.regex.Matcher.reset()Ljava/util/regex/Matcher; @ 71 c2
Event: 129.103 Thread 0x0000025799228000 DEOPT PACKING pc=0x000002578b55bdf8 sp=0x000000bbfa4f82f0
Event: 129.104 Thread 0x0000025799228000 DEOPT UNPACKING pc=0x0000025783a7a1af sp=0x000000bbfa4f8280 mode 2
Event: 141.642 Thread 0x0000025799228000 Uncommon trap: trap_request=0xffffffc6 fr.pc=0x000002578b563d24 relative=0x0000000000000084
Event: 141.642 Thread 0x0000025799228000 Uncommon trap: reason=bimorphic_or_optimized_type_check action=maybe_recompile pc=0x000002578b563d24 method=java.util.AbstractList$Itr.hasNext()Z @ 8 c2
Event: 141.645 Thread 0x0000025799228000 DEOPT PACKING pc=0x000002578b563d24 sp=0x000000bbfa4fa790
Event: 141.650 Thread 0x0000025799228000 DEOPT UNPACKING pc=0x0000025783a7a1af sp=0x000000bbfa4fa728 mode 2
Event: 141.653 Thread 0x0000025799228000 Uncommon trap: trap_request=0xffffffc6 fr.pc=0x000002578b5640d4 relative=0x0000000000000114
Event: 141.653 Thread 0x0000025799228000 Uncommon trap: reason=bimorphic_or_optimized_type_check action=maybe_recompile pc=0x000002578b5640d4 method=java.util.AbstractList$Itr.next()Ljava/lang/Object; @ 14 c2
Event: 141.653 Thread 0x0000025799228000 DEOPT PACKING pc=0x000002578b5640d4 sp=0x000000bbfa4fa780
Event: 141.653 Thread 0x0000025799228000 DEOPT UNPACKING pc=0x0000025783a7a1af sp=0x000000bbfa4fa718 mode 2
Event: 141.662 Thread 0x0000025799228000 Uncommon trap: trap_request=0xffffff4d fr.pc=0x000002578b55f278 relative=0x00000000000005b8
Event: 141.663 Thread 0x0000025799228000 Uncommon trap: reason=unstable_if action=reinterpret pc=0x000002578b55f278 method=java.io.File.getName()Ljava/lang/String; @ 16 c2
Event: 141.663 Thread 0x0000025799228000 DEOPT PACKING pc=0x000002578b55f278 sp=0x000000bbfa4fb150
Event: 141.663 Thread 0x0000025799228000 DEOPT UNPACKING pc=0x0000025783a7a1af sp=0x000000bbfa4fb120 mode 2
Event: 147.464 Thread 0x0000025799228000 Uncommon trap: trap_request=0xffffff4d fr.pc=0x000002578b5d33b0 relative=0x00000000000003b0
Event: 147.464 Thread 0x0000025799228000 Uncommon trap: reason=unstable_if action=reinterpret pc=0x000002578b5d33b0 method=jdk.internal.org.objectweb.asm.Type.getArgumentsAndReturnSizes(Ljava/lang/String;)I @ 88 c2
Event: 147.471 Thread 0x0000025799228000 DEOPT PACKING pc=0x000002578b5d33b0 sp=0x000000bbfa4f96c0
Event: 147.477 Thread 0x0000025799228000 DEOPT UNPACKING pc=0x0000025783a7a1af sp=0x000000bbfa4f9648 mode 2

Classes redefined (0 events):
No events

Internal exceptions (20 events):
Event: 6.019 Thread 0x00000257fd81c000 Exception <a 'java/lang/NoSuchMethodError'{0x0000000083c18100}: 'int java.lang.invoke.DirectMethodHandle$Holder.invokeSpecialIFC(java.lang.Object, java.lang.Object, int)'> (0x0000000083c18100) thrown at [./src/hotspot/share/interpreter/linkResolver.cpp, line 773]
Event: 15.317 Thread 0x00000257fd81c000 Exception <a 'java/lang/NoClassDefFoundError'{0x0000000083fda848}: org/slf4j/impl/StaticMarkerBinder> (0x0000000083fda848) thrown at [./src/hotspot/share/classfile/systemDictionary.cpp, line 220]
Event: 16.729 Thread 0x00000257fd81c000 Exception <a 'java/lang/NoSuchMethodError'{0x0000000083c05670}: 'java.lang.Object java.lang.invoke.DirectMethodHandle$Holder.invokeVirtual(java.lang.Object, java.lang.Object, java.lang.Object, java.lang.Object, java.lang.Object, java.lang.Object, java.lang.Object)'> (0x0000000083c05670) thrown at [./src/hotspot/share/interpreter/linkResolver.cpp, line 773]
Event: 16.799 Thread 0x00000257fd81c000 Exception <a 'java/lang/NoSuchMethodError'{0x0000000083c19b90}: 'java.lang.Object java.lang.invoke.Invokers$Holder.invoker(java.lang.Object, java.lang.Object, java.lang.Object)'> (0x0000000083c19b90) thrown at [./src/hotspot/share/interpreter/linkResolver.cpp, line 773]
Event: 16.897 Thread 0x00000257fd81c000 Exception <a 'java/lang/NoSuchMethodError'{0x0000000083c2ac08}: 'void java.lang.invoke.DelegatingMethodHandle$Holder.delegate(java.lang.Object, java.lang.Object, int, java.lang.Object)'> (0x0000000083c2ac08) thrown at [./src/hotspot/share/interpreter/linkResolver.cpp, line 773]
Event: 47.898 Thread 0x00000257fd81c000 Exception <a 'java/security/PrivilegedActionException'{0x0000000083a6a5d8}> (0x0000000083a6a5d8) thrown at [./src/hotspot/share/prims/jvm.cpp, line 1306]
Event: 47.905 Thread 0x00000257fd81c000 Exception <a 'java/security/PrivilegedActionException'{0x0000000083a6ab50}> (0x0000000083a6ab50) thrown at [./src/hotspot/share/prims/jvm.cpp, line 1306]
Event: 59.434 Thread 0x00000257fd81c000 Exception <a 'java/lang/NoSuchMethodError'{0x000000008379e1d8}: 'java.lang.Object java.lang.invoke.DirectMethodHandle$Holder.invokeStaticInit(java.lang.Object, java.lang.Object, java.lang.Object)'> (0x000000008379e1d8) thrown at [./src/hotspot/share/interpreter/linkResolver.cpp, line 773]
Event: 69.260 Thread 0x00000257fd81c000 Exception <a 'java/lang/NoSuchMethodError'{0x00000000831bf578}: 'java.lang.Object java.lang.invoke.DirectMethodHandle$Holder.invokeStaticInit(java.lang.Object, int, int, int, int)'> (0x00000000831bf578) thrown at [./src/hotspot/share/interpreter/linkResolver.cpp, line 773]
Event: 77.215 Thread 0x00000257fd81c000 Exception <a 'java/lang/NoSuchMethodError'{0x00000000830a2150}: 'java.lang.Object java.lang.invoke.DirectMethodHandle$Holder.invokeStaticInit(java.lang.Object, java.lang.Object, int, int, int, int)'> (0x00000000830a2150) thrown at [./src/hotspot/share/interpreter/linkResolver.cpp, line 773]
Event: 84.601 Thread 0x00000257fd81c000 Exception <a 'java/io/IOException'{0x0000000084bbd5d0}> (0x0000000084bbd5d0) thrown at [./src/hotspot/share/prims/jni.cpp, line 615]
Event: 92.637 Thread 0x0000025799228000 Exception <a 'java/lang/NoSuchMethodError'{0x000000008450a900}: 'long java.lang.invoke.DirectMethodHandle$Holder.invokeInterface(java.lang.Object, java.lang.Object)'> (0x000000008450a900) thrown at [./src/hotspot/share/interpreter/linkResolver.cpp, line 773]
Event: 92.920 Thread 0x0000025799228000 Exception <a 'java/lang/NoSuchMethodError'{0x0000000084517c30}: 'void java.lang.invoke.DelegatingMethodHandle$Holder.reinvoke_L(java.lang.Object, java.lang.Object, java.lang.Object, java.lang.Object, java.lang.Object, java.lang.Object, java.lang.Object)'> (0x0000000084517c30) thrown at [./src/hotspot/share/interpreter/linkResolver.cpp, line 773]
Event: 124.068 Thread 0x0000025799228000 Exception <a 'java/lang/NoSuchMethodError'{0x00000000849ac780}: 'void java.lang.invoke.DirectMethodHandle$Holder.invokeStaticInit(java.lang.Object)'> (0x00000000849ac780) thrown at [./src/hotspot/share/interpreter/linkResolver.cpp, line 773]
Event: 125.158 Thread 0x0000025799228000 Exception <a 'java/lang/NoSuchMethodError'{0x0000000084867bb8}: 'java.lang.Object java.lang.invoke.DirectMethodHandle$Holder.invokeStatic(java.lang.Object, java.lang.Object, java.lang.Object, int)'> (0x0000000084867bb8) thrown at [./src/hotspot/share/interpreter/linkResolver.cpp, line 773]
Event: 125.186 Thread 0x0000025799228000 Exception <a 'java/lang/NoSuchMethodError'{0x000000008486c2d0}: 'java.lang.Object java.lang.invoke.DirectMethodHandle$Holder.invokeSpecial(java.lang.Object, java.lang.Object, java.lang.Object, java.lang.Object, int)'> (0x000000008486c2d0) thrown at [./src/hotspot/share/interpreter/linkResolver.cpp, line 773]
Event: 125.196 Thread 0x0000025799228000 Exception <a 'java/lang/NoSuchMethodError'{0x0000000084870208}: 'java.lang.Object java.lang.invoke.Invokers$Holder.linkToTargetMethod(java.lang.Object, java.lang.Object, int, java.lang.Object)'> (0x0000000084870208) thrown at [./src/hotspot/share/interpreter/linkResolver.cpp, line 773]
Event: 143.872 Thread 0x0000025799228000 Exception <a 'java/lang/NoSuchMethodError'{0x0000000084aeb290}: 'int java.lang.invoke.DirectMethodHandle$Holder.invokeSpecialIFC(java.lang.Object, java.lang.Object, java.lang.Object, java.lang.Object)'> (0x0000000084aeb290) thrown at [./src/hotspot/share/interpreter/linkResolver.cpp, line 773]
Event: 143.948 Thread 0x0000025799228000 Exception <a 'java/lang/NoSuchMethodError'{0x0000000084af96a0}: 'java.lang.Object java.lang.invoke.DirectMethodHandle$Holder.invokeInterface(java.lang.Object, java.lang.Object, java.lang.Object)'> (0x0000000084af96a0) thrown at [./src/hotspot/share/interpreter/linkResolver.cpp, line 773]
Event: 143.950 Thread 0x0000025799228000 Exception <a 'java/lang/IncompatibleClassChangeError'{0x0000000084afcb78}: Found class java.lang.Object, but interface was expected> (0x0000000084afcb78) thrown at [./src/hotspot/share/interpreter/linkResolver.cpp, line 839]

Events (20 events):
Event: 162.038 loading class org/gradle/groovy/scripts/internal/ScriptClassCompiler
Event: 162.038 loading class org/gradle/groovy/scripts/internal/ScriptClassCompiler done
Event: 162.058 loading class org/gradle/groovy/scripts/ScriptCompilerFactory
Event: 162.058 loading class org/gradle/groovy/scripts/ScriptCompilerFactory done
Event: 162.062 loading class org/gradle/api/internal/artifacts/configurations/DependencyMetaDataProvider
Event: 162.062 loading class org/gradle/api/internal/artifacts/configurations/DependencyMetaDataProvider done
Event: 162.069 loading class org/gradle/api/internal/initialization/ScriptClassPathResolver
Event: 162.069 loading class org/gradle/api/internal/initialization/ScriptClassPathResolver done
Event: 162.073 loading class org/gradle/internal/authentication/AuthenticationSchemeRegistry
Event: 162.073 loading class org/gradle/internal/authentication/AuthenticationSchemeRegistry done
Event: 162.087 loading class org/gradle/api/internal/project/ProjectTaskLister
Event: 162.087 loading class org/gradle/api/internal/project/ProjectTaskLister done
Event: 162.096 loading class org/gradle/api/internal/tasks/userinput/BuildScanUserInputHandler
Event: 162.096 loading class org/gradle/api/internal/tasks/userinput/BuildScanUserInputHandler done
Event: 162.111 loading class org/gradle/api/invocation/BuildInvocationDetails
Event: 162.111 loading class org/gradle/api/invocation/BuildInvocationDetails done
Event: 162.117 loading class org/gradle/api/internal/plugins/PluginRegistry
Event: 162.117 loading class org/gradle/api/internal/plugins/PluginRegistry done
Event: 162.129 loading class org/gradle/configuration/InitScriptProcessor
Event: 162.129 loading class org/gradle/configuration/InitScriptProcessor done


Dynamic libraries:
0x00007ff6dc2e0000 - 0x00007ff6dc2ea000 	C:\Program Files\Android\Android Studio\jre\bin\java.exe
0x00007ffb35eb0000 - 0x00007ffb360a8000 	C:\WINDOWS\SYSTEM32\ntdll.dll
0x00007ffb35ae0000 - 0x00007ffb35b9d000 	C:\WINDOWS\System32\KERNEL32.DLL
0x00007ffb33ad0000 - 0x00007ffb33d9e000 	C:\WINDOWS\System32\KERNELBASE.dll
0x00007ffb339d0000 - 0x00007ffb33ad0000 	C:\WINDOWS\System32\ucrtbase.dll
0x00007ffb2a2c0000 - 0x00007ffb2a2d9000 	C:\Program Files\Android\Android Studio\jre\bin\jli.dll
0x00007ffb26e40000 - 0x00007ffb26e57000 	C:\Program Files\Android\Android Studio\jre\bin\VCRUNTIME140.dll
0x00007ffb35ba0000 - 0x00007ffb35d40000 	C:\WINDOWS\System32\USER32.dll
0x00007ffb33eb0000 - 0x00007ffb33ed2000 	C:\WINDOWS\System32\win32u.dll
0x00007ffb34520000 - 0x00007ffb3454a000 	C:\WINDOWS\System32\GDI32.dll
0x00007ffb33da0000 - 0x00007ffb33eab000 	C:\WINDOWS\System32\gdi32full.dll
0x00007ffb33930000 - 0x00007ffb339cd000 	C:\WINDOWS\System32\msvcp_win.dll
0x00007ffb12fb0000 - 0x00007ffb1324a000 	C:\WINDOWS\WinSxS\amd64_microsoft.windows.common-controls_6595b64144ccf1df_6.0.19041.1110_none_60b5254171f9507e\COMCTL32.dll
0x00007ffb35760000 - 0x00007ffb357fe000 	C:\WINDOWS\System32\msvcrt.dll
0x00007ffb33f70000 - 0x00007ffb33fa0000 	C:\WINDOWS\System32\IMM32.DLL
0x00007ffb044d0000 - 0x00007ffb0456d000 	C:\Program Files\Android\Android Studio\jre\bin\msvcp140.dll
0x00007ffac5ae0000 - 0x00007ffac65c5000 	C:\Program Files\Android\Android Studio\jre\bin\server\jvm.dll
0x00007ffb34ec0000 - 0x00007ffb34f6e000 	C:\WINDOWS\System32\ADVAPI32.dll
0x00007ffb356c0000 - 0x00007ffb3575c000 	C:\WINDOWS\System32\sechost.dll
0x00007ffb34550000 - 0x00007ffb34675000 	C:\WINDOWS\System32\RPCRT4.dll
0x00007ffb348e0000 - 0x00007ffb348e8000 	C:\WINDOWS\System32\PSAPI.DLL
0x00007ffb28af0000 - 0x00007ffb28afa000 	C:\WINDOWS\SYSTEM32\VERSION.dll
0x00007ffb13510000 - 0x00007ffb13537000 	C:\WINDOWS\SYSTEM32\WINMM.dll
0x00007ffb2bac0000 - 0x00007ffb2bac9000 	C:\WINDOWS\SYSTEM32\WSOCK32.dll
0x00007ffb34d30000 - 0x00007ffb34d9b000 	C:\WINDOWS\System32\WS2_32.dll
0x00007ffb31e50000 - 0x00007ffb31e62000 	C:\WINDOWS\SYSTEM32\kernel.appcore.dll
0x00007ffb13f20000 - 0x00007ffb13f31000 	C:\Program Files\Android\Android Studio\jre\bin\verify.dll
0x00007ffb2e370000 - 0x00007ffb2e554000 	C:\WINDOWS\SYSTEM32\DBGHELP.DLL
0x00007ffb1c670000 - 0x00007ffb1c69c000 	C:\WINDOWS\SYSTEM32\dbgcore.DLL
0x00007ffb338a0000 - 0x00007ffb33922000 	C:\WINDOWS\System32\bcryptPrimitives.dll
0x00007ffb13ec0000 - 0x00007ffb13ee9000 	C:\Program Files\Android\Android Studio\jre\bin\java.dll
0x00007ffb2bbd0000 - 0x00007ffb2bbdb000 	C:\Program Files\Android\Android Studio\jre\bin\jimage.dll
0x00007ffb0fe90000 - 0x00007ffb0fea8000 	C:\Program Files\Android\Android Studio\jre\bin\zip.dll
0x00007ffb34f70000 - 0x00007ffb356b3000 	C:\WINDOWS\System32\SHELL32.dll
0x00007ffb2e560000 - 0x00007ffb2ecf5000 	C:\WINDOWS\SYSTEM32\windows.storage.dll
0x00007ffb349d0000 - 0x00007ffb34d24000 	C:\WINDOWS\System32\combase.dll
0x00007ffb32f60000 - 0x00007ffb32f90000 	C:\WINDOWS\SYSTEM32\Wldp.dll
0x00007ffb34680000 - 0x00007ffb3472d000 	C:\WINDOWS\System32\SHCORE.dll
0x00007ffb33f10000 - 0x00007ffb33f65000 	C:\WINDOWS\System32\shlwapi.dll
0x00007ffb33510000 - 0x00007ffb3352f000 	C:\WINDOWS\SYSTEM32\profapi.dll
0x00007ffb0fe70000 - 0x00007ffb0fe8a000 	C:\Program Files\Android\Android Studio\jre\bin\net.dll
0x00007ffb1f4b0000 - 0x00007ffb1f5ba000 	C:\WINDOWS\SYSTEM32\WINHTTP.dll
0x00007ffb32cc0000 - 0x00007ffb32d2a000 	C:\WINDOWS\system32\mswsock.dll
0x00007ffb047b0000 - 0x00007ffb047c4000 	C:\Program Files\Android\Android Studio\jre\bin\nio.dll
0x00007ffb04220000 - 0x00007ffb04247000 	C:\Users\Onsovich_Y_V\.gradle\native\e1d6ef7f7dcc3fd88c89a11ec53ec762bb8ba0a96d01ffa2cd45eb1d1d8dd5c5\windows-amd64\native-platform.dll
0x00007ffaebf60000 - 0x00007ffaec0a4000 	C:\Users\Onsovich_Y_V\.gradle\native\5664cfc778a61ccfe75a443a1ab52a65af34e5dc3c78e0209fed803814484fcb\windows-amd64\native-platform-file-events.dll
0x00007ffb2bb00000 - 0x00007ffb2bb0a000 	C:\Program Files\Android\Android Studio\jre\bin\management.dll
0x00007ffb1e260000 - 0x00007ffb1e26d000 	C:\Program Files\Android\Android Studio\jre\bin\management_ext.dll
0x00007ffb32eb0000 - 0x00007ffb32ec8000 	C:\WINDOWS\SYSTEM32\CRYPTSP.dll
0x00007ffb32640000 - 0x00007ffb32674000 	C:\WINDOWS\system32\rsaenh.dll
0x00007ffb33ee0000 - 0x00007ffb33f07000 	C:\WINDOWS\System32\bcrypt.dll
0x00007ffb334d0000 - 0x00007ffb334fe000 	C:\WINDOWS\SYSTEM32\USERENV.dll
0x00007ffb32ed0000 - 0x00007ffb32edc000 	C:\WINDOWS\SYSTEM32\CRYPTBASE.dll
0x00007ffb329b0000 - 0x00007ffb329eb000 	C:\WINDOWS\SYSTEM32\IPHLPAPI.DLL
0x00007ffb34510000 - 0x00007ffb34518000 	C:\WINDOWS\System32\NSI.dll
0x00007ffb25a50000 - 0x00007ffb25a67000 	C:\WINDOWS\SYSTEM32\dhcpcsvc6.DLL
0x00007ffb25a90000 - 0x00007ffb25aad000 	C:\WINDOWS\SYSTEM32\dhcpcsvc.DLL
0x00007ffb329f0000 - 0x00007ffb32aba000 	C:\WINDOWS\SYSTEM32\DNSAPI.dll

dbghelp: loaded successfully - version: 4.0.5 - missing functions: none
symbol engine: initialized successfully - sym options: 0x614 - pdb path: .;C:\Program Files\Android\Android Studio\jre\bin;C:\WINDOWS\SYSTEM32;C:\WINDOWS\WinSxS\amd64_microsoft.windows.common-controls_6595b64144ccf1df_6.0.19041.1110_none_60b5254171f9507e;C:\Program Files\Android\Android Studio\jre\bin\server;C:\Users\Onsovich_Y_V\.gradle\native\e1d6ef7f7dcc3fd88c89a11ec53ec762bb8ba0a96d01ffa2cd45eb1d1d8dd5c5\windows-amd64;C:\Users\Onsovich_Y_V\.gradle\native\5664cfc778a61ccfe75a443a1ab52a65af34e5dc3c78e0209fed803814484fcb\windows-amd64

VM Arguments:
jvm_args: --add-opens=java.base/java.util=ALL-UNNAMED --add-opens=java.base/java.lang=ALL-UNNAMED --add-opens=java.base/java.lang.invoke=ALL-UNNAMED --add-opens=java.base/java.util=ALL-UNNAMED --add-opens=java.prefs/java.util.prefs=ALL-UNNAMED --add-opens=java.prefs/java.util.prefs=ALL-UNNAMED --add-opens=java.base/java.nio.charset=ALL-UNNAMED --add-opens=java.base/java.net=ALL-UNNAMED --add-opens=java.base/java.util.concurrent.atomic=ALL-UNNAMED -Xmx2048m -Dfile.encoding=UTF-8 -Duser.country=RU -Duser.language=ru -Duser.variant 
java_command: org.gradle.launcher.daemon.bootstrap.GradleDaemon 7.3.3
java_class_path (initial): C:\Users\Onsovich_Y_V\.gradle\wrapper\dists\gradle-7.3.3-bin\6a41zxkdtcxs8rphpq6y0069z\gradle-7.3.3\lib\gradle-launcher-7.3.3.jar
Launcher Type: SUN_STANDARD

[Global flags]
     intx CICompilerCount                          = 3                                         {product} {ergonomic}
     uint ConcGCThreads                            = 1                                         {product} {ergonomic}
     uint G1ConcRefinementThreads                  = 4                                         {product} {ergonomic}
   size_t G1HeapRegionSize                         = 1048576                                   {product} {ergonomic}
    uintx GCDrainStackTargetSize                   = 64                                        {product} {ergonomic}
   size_t InitialHeapSize                          = 67108864                                  {product} {ergonomic}
   size_t MarkStackSize                            = 4194304                                   {product} {ergonomic}
   size_t MaxHeapSize                              = 2147483648                                {product} {command line}
   size_t MaxNewSize                               = 1287651328                                {product} {ergonomic}
   size_t MinHeapDeltaBytes                        = 1048576                                   {product} {ergonomic}
    uintx NonNMethodCodeHeapSize                   = 5830732                                {pd product} {ergonomic}
    uintx NonProfiledCodeHeapSize                  = 122913754                              {pd product} {ergonomic}
    uintx ProfiledCodeHeapSize                     = 122913754                              {pd product} {ergonomic}
    uintx ReservedCodeCacheSize                    = 251658240                              {pd product} {ergonomic}
     bool SegmentedCodeCache                       = true                                      {product} {ergonomic}
     bool UseCompressedClassPointers               = true                                 {lp64_product} {ergonomic}
     bool UseCompressedOops                        = true                                 {lp64_product} {ergonomic}
     bool UseG1GC                                  = true                                      {product} {ergonomic}
     bool UseLargePagesIndividualAllocation        = false                                  {pd product} {ergonomic}

Logging:
Log output configuration:
 #0: stdout all=warning uptime,level,tags
 #1: stderr all=off uptime,level,tags

Environment Variables:
PATH=C:\WINDOWS\system32;C:\WINDOWS;C:\WINDOWS\System32\Wbem;C:\WINDOWS\System32\WindowsPowerShell\v1.0\;C:\WINDOWS\System32\OpenSSH\;C:\adb;C:\Program Files\PuTTY\;C:\Program Files\Microsoft SQL Server\120\Tools\Binn\;C:\Users\Onsovich_Y_V\AppData\Local\Microsoft\WindowsApps;C:\Users\Onsovich_Y_V\AppData\Local\Programs\Microsoft VS Code\bin;C:\Users\Onsovich_Y_V\AppData\Local\Programs\Git\cmd
USERNAME=Onsovich_Y_V
OS=Windows_NT
PROCESSOR_IDENTIFIER=Intel64 Family 6 Model 142 Stepping 9, GenuineIntel



---------------  S Y S T E M  ---------------

OS: Windows 10 , 64 bit Build 19041 (10.0.19041.1889)
OS uptime: 6 days 19:30 hours

CPU:total 4 (initial active 4) (2 cores per cpu, 2 threads per core) family 6 model 142 stepping 9 microcode 0xd6, cmov, cx8, fxsr, mmx, sse, sse2, sse3, ssse3, sse4.1, sse4.2, popcnt, avx, avx2, aes, clmul, erms, 3dnowpref, lzcnt, ht, tsc, tscinvbit, bmi1, bmi2, adx, fma

Memory: 4k page, system-wide physical 3987M (56M free)
TotalPageFile size 12179M (AvailPageFile size 6M)
current process WorkingSet (physical memory assigned to process): 27M, peak: 61M
current process commit charge ("private bytes"): 190M, peak: 204M

vm_info: OpenJDK 64-Bit Server VM (11.0.12+7-b1504.28-7817840) for windows-amd64 JRE (11.0.12+7-b1504.28-7817840), built on Oct 13 2021 22:12:33 by "builder" with MS VC++ 14.0 (VS2015)

END.
